<?xml version="1.0" encoding="UTF-8"?>
<testsuite xmlns:xsi="http://www.w3.org/2001/XMLSchema-instance" xsi:noNamespaceSchemaLocation="https://maven.apache.org/surefire/maven-surefire-plugin/xsd/surefire-test-report.xsd" name="com.smc.boot.MainApplicationTest" time="0.24" tests="12" errors="1" skipped="1" failures="3">
  <properties>
[...]
</properties>
  <testcase name="testTimeout" classname="com.smc.boot.MainApplicationTest" time="0.075">
    <error message="testTimeout() timed out after 5 milliseconds" type="java.util.concurrent.TimeoutException">java.util.concurrent.TimeoutException: testTimeout() timed out after 5 milliseconds
</error>
    <system-out><![CDATA[所有测试就要开始了
测试就要开始了
测试就要结束了
]]></system-out>
    <system-err><![CDATA[五月 15, 2022 9:10:21 下午 org.junit.jupiter.engine.discovery.MethodSelectorResolver resolve
警告: Possible configuration error: method [public void com.smc.boot.MainApplicationTest.testRepeatedTest()] resulted in multiple TestDescriptors [org.junit.jupiter.engine.descriptor.TestMethodTestDescriptor, org.junit.jupiter.engine.descriptor.TestTemplateTestDescriptor]. This is typically the result of annotating a method with multiple competing annotations such as @Test, @RepeatedTest, @ParameterizedTest, @TestFactory, etc.
五月 15, 2022 9:10:21 下午 org.junit.jupiter.engine.discovery.MethodSelectorResolver resolve
警告: Possible configuration error: method [public void com.smc.boot.MainApplicationTest.testRepeatedTest()] resulted in multiple TestDescriptors [org.junit.jupiter.engine.descriptor.TestTemplateTestDescriptor, org.junit.jupiter.engine.descriptor.TestMethodTestDescriptor]. This is typically the result of annotating a method with multiple competing annotations such as @Test, @RepeatedTest, @ParameterizedTest, @TestFactory, etc.
]]></system-err>
  </testcase>
  <testcase name="testRepeatedTest" classname="com.smc.boot.MainApplicationTest" time="0.001"/>
  <testcase name="testRepeatedTest[1]" classname="com.smc.boot.MainApplicationTest" time="0.003"/>
  <testcase name="testRepeatedTest[2]" classname="com.smc.boot.MainApplicationTest" time="0.001"/>
  <testcase name="testRepeatedTest[3]" classname="com.smc.boot.MainApplicationTest" time="0"/>
  <testcase name="testRepeatedTest[4]" classname="com.smc.boot.MainApplicationTest" time="0"/>
  <testcase name="testRepeatedTest[5]" classname="com.smc.boot.MainApplicationTest" time="0.004"/>
  <testcase name="all" classname="com.smc.boot.MainApplicationTest" time="0.018">
    <failure message="test (1 failure)&#10;	org.opentest4j.AssertionFailedError: expected: &lt;1&gt; but was: &lt;2&gt;" type="org.opentest4j.MultipleFailuresError"><![CDATA[org.opentest4j.MultipleFailuresError: 
test (1 failure)
	org.opentest4j.AssertionFailedError: expected: <1> but was: <2>
	at com.smc.boot.MainApplicationTest.all(MainApplicationTest.java:79)
]]></failure>
    <system-out><![CDATA[测试就要开始了
测试就要结束了
]]></system-out>
  </testcase>
  <testcase name="test2" classname="com.smc.boot.MainApplicationTest" time="0">
    <skipped message="public void com.smc.boot.MainApplicationTest.test2() is @Disabled"/>
  </testcase>
  <testcase name="exceptionTest" classname="com.smc.boot.MainApplicationTest" time="0.005">
    <failure message="业务逻辑异常 ==&gt; Expected java.lang.ArithmeticException to be thrown, but nothing was thrown." type="org.opentest4j.AssertionFailedError">org.opentest4j.AssertionFailedError: 业务逻辑异常 ==> Expected java.lang.ArithmeticException to be thrown, but nothing was thrown.
	at com.smc.boot.MainApplicationTest.exceptionTest(MainApplicationTest.java:85)
</failure>
    <system-out><![CDATA[测试就要开始了
0
测试就要结束了
]]></system-out>
  </testcase>
  <testcase name="testDisplayName" classname="com.smc.boot.MainApplicationTest" time="0.008"/>
  <testcase name="testSimpleAssertions" classname="com.smc.boot.MainApplicationTest" time="0">
    <failure message="业务逻辑计算失败 ==&gt; expected: &lt;5&gt; but was: &lt;6&gt;" type="org.opentest4j.AssertionFailedError"><![CDATA[org.opentest4j.AssertionFailedError: 业务逻辑计算失败 ==> expected: <5> but was: <6>
	at com.smc.boot.MainApplicationTest.testSimpleAssertions(MainApplicationTest.java:70)
]]></failure>
    <system-out><![CDATA[测试就要开始了
测试就要结束了
]]></system-out>
  </testcase>
</testsuite>